<?xml version="1.0" encoding="UTF-8"?>
<testsuite xmlns:xsi="http://www.w3.org/2001/XMLSchema-instance" xsi:noNamespaceSchemaLocation="https://maven.apache.org/surefire/maven-surefire-plugin/xsd/surefire-test-report-3.0.xsd" version="3.0" name="TestSuite" time="51.727" tests="3" errors="0" skipped="0" failures="0">
  <properties>
[...]
</properties>
  <testcase name="test1" classname="tests.Test1" time="11.447">
    <system-out><![CDATA[⏳ Waiting for Grid to be ready...
⏳ Waiting for Grid to be ready...
⏳ Waiting for Grid to be ready...
⏳ Waiting for Grid to be ready...
⏳ Waiting for Grid to be ready...
⏳ Waiting for Grid to be ready...
✅ Grid is READY!
Google
Test1
]]></system-out>
    <system-err><![CDATA[SLF4J(W): No SLF4J providers were found.
SLF4J(W): Defaulting to no-operation (NOP) logger implementation
SLF4J(W): See https://www.slf4j.org/codes.html#noProviders for further details.
Apr 26, 2026 5:31:33 PM org.openqa.selenium.remote.tracing.opentelemetry.OpenTelemetryTracer createTracer
INFO: Using OpenTelemetry for tracing
]]></system-err>
  </testcase>
  <testcase name="test2" classname="tests.Test2" time="9.74">
    <system-out><![CDATA[Google
Test2
]]></system-out>
  </testcase>
  <testcase name="test3" classname="tests.Test3" time="7.189">
    <system-out><![CDATA[Google
Test3
]]></system-out>
  </testcase>
</testsuite>